TN:
SF:src/App.tsx
FN:5,App
FNF:1
FNH:1
FNDA:3,App
DA:1,1
DA:2,1
DA:3,1
DA:4,1
DA:5,3
DA:6,3
DA:7,3
DA:8,3
DA:9,3
DA:10,3
DA:11,3
DA:12,3
DA:13,3
DA:14,3
DA:15,1
DA:16,1
LF:16
LH:16
BRDA:5,0,0,3
BRF:1
BRH:1
end_of_record
TN:
SF:src/main.tsx
FNF:0
FNH:0
DA:1,1
DA:2,1
DA:3,1
DA:4,1
DA:5,1
DA:6,1
DA:7,1
DA:8,1
DA:9,1
LF:9
LH:9
BRF:0
BRH:0
end_of_record
TN:
SF:src/components/Counter/Counter.tsx
FN:3,Counter
FN:31,increment
FN:42,decrement
FN:53,reset
FN:59,undo
FN:67,setCustomValue
FN:74,exportHistory
FN:97,onChange
FN:99,onChange
FN:101,onChange
FN:105,onChange
FN:109,onChange
FN:114,onKeyDown
FNF:13
FNH:1
FNDA:4,Counter
FNDA:0,increment
FNDA:0,decrement
FNDA:0,reset
FNDA:0,undo
FNDA:0,setCustomValue
FNDA:0,exportHistory
FNDA:0,onChange
FNDA:0,onChange
FNDA:0,onChange
FNDA:0,onChange
FNDA:0,onChange
FNDA:0,onKeyDown
DA:1,1
DA:2,1
DA:3,4
DA:4,4
DA:5,4
DA:6,4
DA:7,4
DA:8,4
DA:9,4
DA:10,4
DA:11,4
DA:12,4
DA:13,4
DA:14,4
DA:15,0
DA:16,0
DA:17,0
DA:18,0
DA:19,4
DA:20,3
DA:21,3
DA:22,4
DA:23,4
DA:24,4
DA:25,0
DA:26,0
DA:27,0
DA:28,0
DA:29,4
DA:30,4
DA:31,4
DA:32,0
DA:33,0
DA:34,0
DA:35,0
DA:36,0
DA:37,0
DA:38,0
DA:39,0
DA:40,0
DA:41,4
DA:42,4
DA:43,0
DA:44,0
DA:45,0
DA:46,0
DA:47,0
DA:48,0
DA:49,0
DA:50,0
DA:51,0
DA:52,4
DA:53,4
DA:54,0
DA:55,0
DA:56,0
DA:57,0
DA:58,4
DA:59,4
DA:60,0
DA:61,0
DA:62,0
DA:63,0
DA:64,0
DA:65,0
DA:66,4
DA:67,4
DA:68,0
DA:69,0
DA:70,0
DA:71,0
DA:72,0
DA:73,4
DA:74,4
DA:75,0
DA:76,0
DA:77,0
DA:78,0
DA:79,0
DA:80,0
DA:81,0
DA:82,0
DA:83,0
DA:84,4
DA:85,4
DA:86,4
DA:87,4
DA:88,4
DA:89,4
DA:90,4
DA:91,4
DA:92,4
DA:93,4
DA:94,4
DA:95,4
DA:96,4
DA:97,4
DA:98,4
DA:99,4
DA:100,4
DA:101,4
DA:102,4
DA:103,4
DA:104,4
DA:105,4
DA:106,4
DA:107,4
DA:108,4
DA:109,4
DA:110,4
DA:111,4
DA:112,4
DA:113,4
DA:114,4
DA:115,0
DA:116,4
DA:117,4
DA:118,4
DA:119,4
DA:120,4
DA:121,4
DA:122,4
DA:123,4
DA:124,4
DA:125,4
DA:126,4
DA:127,4
DA:128,1
DA:129,1
LF:129
LH:78
BRDA:3,0,0,4
BRDA:12,1,0,4
BRDA:14,2,0,0
BRDA:19,3,0,3
BRDA:20,4,0,0
BRF:5
BRH:3
end_of_record
TN:
SF:src/components/Greeting/Greeting.tsx
FN:3,Greeting
FN:13,handleSubmit
FN:22,getGreeting
FN:31,clearHistory
FN:35,exportGreetings
FN:51,onChange
FN:62,onChange
FNF:7
FNH:1
FNDA:6,Greeting
FNDA:0,handleSubmit
FNDA:0,getGreeting
FNDA:0,clearHistory
FNDA:0,exportGreetings
FNDA:0,onChange
FNDA:0,onChange
DA:1,1
DA:2,1
DA:3,6
DA:4,6
DA:5,6
DA:6,6
DA:7,6
DA:8,6
DA:9,6
DA:10,3
DA:11,6
DA:12,6
DA:13,6
DA:14,0
DA:15,0
DA:16,0
DA:17,0
DA:18,0
DA:19,0
DA:20,0
DA:21,6
DA:22,6
DA:23,0
DA:24,0
DA:25,0
DA:26,0
DA:27,0
DA:28,0
DA:29,0
DA:30,6
DA:31,6
DA:32,0
DA:33,0
DA:34,6
DA:35,6
DA:36,0
DA:37,0
DA:38,0
DA:39,0
DA:40,0
DA:41,0
DA:42,0
DA:43,0
DA:44,0
DA:45,6
DA:46,6
DA:47,6
DA:48,6
DA:49,6
DA:50,6
DA:51,6
DA:52,6
DA:53,6
DA:54,6
DA:55,6
DA:56,6
DA:57,6
DA:58,6
DA:59,6
DA:60,6
DA:61,6
DA:62,6
DA:63,6
DA:64,6
DA:65,6
DA:66,6
DA:67,6
DA:68,6
DA:69,6
DA:70,6
DA:71,6
DA:72,6
DA:73,6
DA:74,6
DA:75,6
DA:76,6
DA:77,6
DA:78,6
DA:79,1
DA:80,1
LF:80
LH:55
BRDA:3,0,0,6
BRDA:64,1,0,3
BRDA:64,2,0,3
BRDA:66,3,0,3
BRDA:9,4,0,3
BRDA:10,5,0,0
BRF:6
BRH:5
end_of_record
TN:
SF:src/components/TodoList/TodoList.tsx
FN:11,TodoList
FN:29,addTodo
FN:43,removeTodo
FN:47,toggleComplete
FN:53,startEditing
FN:59,saveEdit
FN:65,cancelEdit
FN:71,clearCompleted
FN:88,getPriorityColor
FN:104,onChange
FN:107,onChange
FN:116,onChange
FN:122,onChange
FNF:13
FNH:1
FNDA:5,TodoList
FNDA:0,addTodo
FNDA:0,removeTodo
FNDA:0,toggleComplete
FNDA:0,startEditing
FNDA:0,saveEdit
FNDA:0,cancelEdit
FNDA:0,clearCompleted
FNDA:0,getPriorityColor
FNDA:0,onChange
FNDA:0,onChange
FNDA:0,onChange
FNDA:0,onChange
DA:1,1
DA:2,1
DA:3,1
DA:4,1
DA:5,1
DA:6,1
DA:7,1
DA:8,1
DA:9,1
DA:10,1
DA:11,5
DA:12,5
DA:13,5
DA:14,5
DA:15,5
DA:16,5
DA:17,5
DA:18,5
DA:19,3
DA:20,3
DA:21,1
DA:22,1
DA:23,5
DA:24,5
DA:25,5
DA:26,3
DA:27,5
DA:28,5
DA:29,5
DA:30,0
DA:31,0
DA:32,0
DA:33,0
DA:34,0
DA:35,0
DA:36,0
DA:37,0
DA:38,0
DA:39,0
DA:40,0
DA:41,0
DA:42,5
DA:43,5
DA:44,0
DA:45,0
DA:46,5
DA:47,5
DA:48,0
DA:49,0
DA:50,0
DA:51,0
DA:52,5
DA:53,5
DA:54,0
DA:55,0
DA:56,0
DA:57,0
DA:58,5
DA:59,5
DA:60,0
DA:61,0
DA:62,0
DA:63,0
DA:64,5
DA:65,5
DA:66,0
DA:67,0
DA:68,0
DA:69,0
DA:70,5
DA:71,5
DA:72,0
DA:73,0
DA:74,5
DA:75,5
DA:76,0
DA:77,0
DA:78,0
DA:79,5
DA:80,0
DA:81,0
DA:82,0
DA:83,0
DA:84,0
DA:85,0
DA:86,5
DA:87,5
DA:88,5
DA:89,0
DA:90,0
DA:91,0
DA:92,0
DA:93,0
DA:94,0
DA:95,0
DA:96,5
DA:97,5
DA:98,5
DA:99,5
DA:100,5
DA:101,5
DA:102,5
DA:103,5
DA:104,5
DA:105,5
DA:106,5
DA:107,5
DA:108,5
DA:109,5
DA:110,5
DA:111,5
DA:112,5
DA:113,5
DA:114,5
DA:115,5
DA:116,5
DA:117,5
DA:118,5
DA:119,5
DA:120,5
DA:121,5
DA:122,5
DA:123,5
DA:124,5
DA:125,5
DA:126,5
DA:127,5
DA:128,5
DA:129,5
DA:130,5
DA:131,0
DA:132,0
DA:133,0
DA:134,0
DA:135,0
DA:136,0
DA:137,0
DA:138,0
DA:139,0
DA:140,0
DA:141,0
DA:142,0
DA:143,0
DA:144,0
DA:145,0
DA:146,0
DA:147,0
DA:148,0
DA:149,0
DA:150,0
DA:151,0
DA:152,0
DA:153,0
DA:154,5
DA:155,5
DA:156,5
DA:157,5
DA:158,5
DA:159,1
DA:160,1
LF:160
LH:89
BRDA:11,0,0,5
BRDA:18,1,0,3
BRDA:20,2,0,1
BRDA:25,3,0,3
BRF:4
BRH:4
end_of_record
